0 silly argv {
0 silly argv   _: [ 'run' ],
0 silly argv   scope: '2219',
0 silly argv   lernaVersion: '6.5.1',
0 silly argv   '$0': 'node_modules\\lerna\\dist\\cli.js',
0 silly argv   script: 'web'
0 silly argv }
1 notice cli v6.5.1
2 verbose rootPath D:\object\object\dazuzhong\monorepo
3 error JSONError: Unexpected token "}" (0x7D) in JSON at position 1795 while parsing near "...lugins\": \"*\"\r\n  },\r\n}\r\n" in packages\40026\package.json
3 error
3 error [0m [90m 31 |[39m     [32m"plugins"[39m[33m:[39m [32m"*"[39m[0m
3 error [0m [90m 32 |[39m   }[33m,[39m[0m
3 error [0m[31m[1m>[22m[39m[90m 33 |[39m }[0m
3 error [0m [90m    |[39m [31m[1m^[22m[39m[0m
3 error [0m [90m 34 |[39m[0m
3 error
3 error     at parseJson (D:\object\object\dazuzhong\monorepo\node_modules\parse-json\index.js:29:21)
3 error     at parse (D:\object\object\dazuzhong\monorepo\node_modules\load-json-file\index.js:15:9)
3 error     at module.exports (D:\object\object\dazuzhong\monorepo\node_modules\load-json-file\index.js:18:47)
